{
  "RSpec": {
    "coverage": {
      "/Users/achintgupta/Personal/social_network/app/controllers/users_controller.rb": {
        "lines": [
          1,
          1,
          null,
          null,
          1,
          1,
          null,
          null,
          null,
          1,
          2,
          2,
          2,
          6,
          null,
          3,
          null,
          null,
          null,
          null,
          1,
          null,
          null,
          null,
          1,
          2,
          2,
          null,
          2,
          2,
          2,
          4,
          null,
          0,
          0,
          null,
          null,
          null,
          null,
          1,
          null,
          null,
          1,
          4,
          null,
          null,
          null,
          1,
          2,
          null,
          null,
          1,
          2,
          2,
          null,
          1,
          1,
          null,
          null,
          1,
          2,
          2,
          null,
          1,
          null,
          null
        ]
      },
      "/Users/achintgupta/Personal/social_network/app/controllers/application_controller.rb": {
        "lines": [
          1,
          null
        ]
      },
      "/Users/achintgupta/Personal/social_network/app/models/post.rb": {
        "lines": [
          1,
          1,
          null,
          1,
          null,
          1,
          null
        ]
      },
      "/Users/achintgupta/Personal/social_network/app/models/user.rb": {
        "lines": [
          1,
          1,
          null,
          1,
          1,
          null,
          1,
          1,
          null,
          1,
          null,
          null,
          1,
          2,
          null,
          null,
          null,
          1,
          3,
          3,
          null,
          null
        ]
      }
    },
    "timestamp": 1611516993
  }
}
